mode: set
github.com/dvirsky/timedis/store/redis/encode.go:15.37,20.2 4 1
github.com/dvirsky/timedis/store/redis/encode.go:22.47,24.16 2 1
github.com/dvirsky/timedis/store/redis/encode.go:28.2,29.37 2 1
github.com/dvirsky/timedis/store/redis/encode.go:24.16,26.3 1 0
github.com/dvirsky/timedis/store/redis/encode.go:32.51,35.16 3 0
github.com/dvirsky/timedis/store/redis/encode.go:39.2,39.59 1 0
github.com/dvirsky/timedis/store/redis/encode.go:43.2,43.60 1 0
github.com/dvirsky/timedis/store/redis/encode.go:47.2,47.57 1 0
github.com/dvirsky/timedis/store/redis/encode.go:51.2,51.19 1 0
github.com/dvirsky/timedis/store/redis/encode.go:54.2,54.20 1 0
github.com/dvirsky/timedis/store/redis/encode.go:58.2,58.17 1 0
github.com/dvirsky/timedis/store/redis/encode.go:35.16,37.3 1 0
github.com/dvirsky/timedis/store/redis/encode.go:39.59,41.3 1 0
github.com/dvirsky/timedis/store/redis/encode.go:43.60,45.3 1 0
github.com/dvirsky/timedis/store/redis/encode.go:47.57,49.3 1 0
github.com/dvirsky/timedis/store/redis/encode.go:51.19,53.3 1 0
github.com/dvirsky/timedis/store/redis/encode.go:54.20,56.3 1 0
github.com/dvirsky/timedis/store/redis/encode.go:61.55,64.2 1 1
github.com/dvirsky/timedis/store/redis/encode.go:66.64,69.21 2 0
github.com/dvirsky/timedis/store/redis/encode.go:74.2,74.54 1 0
github.com/dvirsky/timedis/store/redis/encode.go:78.2,78.56 1 0
github.com/dvirsky/timedis/store/redis/encode.go:81.2,81.8 1 0
github.com/dvirsky/timedis/store/redis/encode.go:69.21,72.3 2 0
github.com/dvirsky/timedis/store/redis/encode.go:74.54,76.3 1 0
github.com/dvirsky/timedis/store/redis/encode.go:78.56,80.3 1 0
github.com/dvirsky/timedis/store/redis/encode.go:84.43,86.2 1 1
github.com/dvirsky/timedis/store/redis/store.go:14.48,16.2 1 0
github.com/dvirsky/timedis/store/redis/store.go:18.78,20.2 1 0
github.com/dvirsky/timedis/store/redis/store.go:21.69,23.2 1 0
