mode: set
github.com/dvirsky/timedis/sampler/sampler.go:35.53,42.2 4 1
github.com/dvirsky/timedis/sampler/sampler.go:44.44,48.2 1 1
github.com/dvirsky/timedis/sampler/sampler.go:56.51,63.2 5 0
github.com/dvirsky/timedis/sampler/sampler.go:71.46,79.2 1 1
github.com/dvirsky/timedis/sampler/sampler.go:81.42,89.29 6 1
github.com/dvirsky/timedis/sampler/sampler.go:93.2,93.12 1 1
github.com/dvirsky/timedis/sampler/sampler.go:89.29,91.3 1 1
github.com/dvirsky/timedis/sampler/sampler.go:97.65,101.40 3 1
github.com/dvirsky/timedis/sampler/sampler.go:105.2,106.11 2 1
github.com/dvirsky/timedis/sampler/sampler.go:112.2,113.17 2 1
github.com/dvirsky/timedis/sampler/sampler.go:101.40,103.3 1 1
github.com/dvirsky/timedis/sampler/sampler.go:107.2,108.24 1 1
github.com/dvirsky/timedis/sampler/sampler.go:109.2,110.59 1 0
github.com/dvirsky/timedis/sampler/sampler.go:116.79,119.16 2 1
github.com/dvirsky/timedis/sampler/sampler.go:123.2,123.32 1 1
github.com/dvirsky/timedis/sampler/sampler.go:119.16,121.3 1 0
github.com/dvirsky/timedis/sampler/sampler.go:127.38,138.2 2 1
